0 info it worked if it ends with ok
1 verbose cli [ 'node', '/usr/local/bin/npm', 'run', 'build' ]
2 info using npm@1.4.28
3 info using node@v0.10.35
4 verbose run-script [ 'prebuild', 'build', 'postbuild' ]
5 info prebuild runtime-bridge@0.1.1
6 info build runtime-bridge@0.1.1
7 verbose unsafe-perm in lifecycle true
8 info runtime-bridge@0.1.1 Failed to exec build script
9 error runtime-bridge@0.1.1 build: `browserify -s bridge lib/index.js > ./bridge.js`
9 error Exit status 1
10 error Failed at the runtime-bridge@0.1.1 build script.
10 error This is most likely a problem with the runtime-bridge package,
10 error not with npm itself.
10 error Tell the author that this fails on your system:
10 error     browserify -s bridge lib/index.js > ./bridge.js
10 error You can get their info via:
10 error     npm owner ls runtime-bridge
10 error There is likely additional logging output above.
11 error System Darwin 14.1.0
12 error command "node" "/usr/local/bin/npm" "run" "build"
13 error cwd /Users/wilsonpage/Dropbox/Documents/r/runtime-bridge
14 error node -v v0.10.35
15 error npm -v 1.4.28
16 error code ELIFECYCLE
17 verbose exit [ 1, true ]
